<?xml version="1.0" encoding="UTF-8"?>
<beans xmlns="http://www.springframework.org/schema/beans" 
	xmlns:xsi="http://www.w3.org/2001/XMLSchema-instance"
	xmlns:context="http://www.springframework.org/schema/context"
	xsi:schemaLocation="http://www.springframework.org/schema/beans 
		http://www.springframework.org/schema/beans/spring-beans.xsd
	   	http://www.springframework.org/schema/context  
    	http://www.springframework.org/schema/context/spring-context-3.0.xsd">

	<context:property-placeholder location="classpath:org/dataone/configuration/jdbc.properties"/>
    
    <import resource="classpath:task-index-context.xml"/>
    
    
    
    <!-- this import overrides default postgres datasource 
	-->
	<import resource="classpath:org/dataone/configuration/hsql-datasource.xml" />
</beans>